<?xml version="1.0" encoding="UTF-8"?>
<testsuite xmlns:xsi="http://www.w3.org/2001/XMLSchema-instance" xsi:noNamespaceSchemaLocation="https://maven.apache.org/surefire/maven-surefire-plugin/xsd/surefire-test-report-3.0.xsd" version="3.0" name="uk.gov.dwp.uc.pairtest.TicketServiceImplTest" time="1.128" tests="2" errors="0" skipped="0" failures="0">
  <properties>
[...]
</properties>
  <testcase name="shouldThrowWhenAccountIdIsInvalid" classname="uk.gov.dwp.uc.pairtest.TicketServiceImplTest" time="1.102">
    <system-err><![CDATA[Mockito is currently self-attaching to enable the inline-mock-maker. This will no longer work in future releases of the JDK. Please add Mockito as an agent to your build what is described in Mockito's documentation: https://javadoc.io/doc/org.mockito/mockito-core/latest/org/mockito/Mockito.html#0.3
WARNING: A Java agent has been loaded dynamically (/Users/steve/.m2/repository/net/bytebuddy/byte-buddy-agent/1.15.4/byte-buddy-agent-1.15.4.jar)
WARNING: If a serviceability tool is in use, please run with -XX:+EnableDynamicAgentLoading to hide this warning
WARNING: If a serviceability tool is not in use, please run with -Djdk.instrument.traceUsage for more information
WARNING: Dynamic loading of agents will be disallowed by default in a future release
]]></system-err>
  </testcase>
  <testcase name="shouldThrowWhenNoTicketRequestsProvided" classname="uk.gov.dwp.uc.pairtest.TicketServiceImplTest" time="0.003"/>
</testsuite>